<?xml version="1.0" encoding="UTF-8"?>
<testng-results skipped="0" failed="0" ignored="0" total="1" passed="1">
  <reporter-output>
  </reporter-output>
  <suite name="Default suite" duration-ms="50680" started-at="2022-03-25T16:29:15Z" finished-at="2022-03-25T16:30:06Z">
    <groups>
    </groups>
    <test name="Default test" duration-ms="50680" started-at="2022-03-25T16:29:15Z" finished-at="2022-03-25T16:30:06Z">
      <class name="com.SeleniumProject.Tests.LoginTest_POM">
        <test-method status="PASS" signature="login()[pri:0, instance:com.SeleniumProject.Tests.LoginTest_POM@6d4b1c02]" name="login" duration-ms="50472" started-at="2022-03-25T16:29:15Z" finished-at="2022-03-25T16:30:06Z">
          <reporter-output>
          </reporter-output>
        </test-method> <!-- login -->
      </class> <!-- com.SeleniumProject.Tests.LoginTest_POM -->
    </test> <!-- Default test -->
  </suite> <!-- Default suite -->
</testng-results>
