<?xml version="1.0" encoding="UTF-8"?>
<testng-results skipped="0" failed="0" ignored="0" total="2" passed="2">
  <reporter-output>
  </reporter-output>
  <suite name="OrgHRM_Grid" duration-ms="59660" started-at="2022-03-28T16:32:06Z" finished-at="2022-03-28T16:33:05Z">
    <groups>
    </groups>
    <test name="On Chrome" duration-ms="39477" started-at="2022-03-28T16:32:06Z" finished-at="2022-03-28T16:32:45Z">
      <class name="grid_programmes.GridEg1">
        <test-method status="PASS" signature="grid(java.lang.String, java.lang.String)[pri:0, instance:grid_programmes.GridEg1@6767c1fc]" name="grid" duration-ms="39363" started-at="2022-03-28T16:32:06Z" finished-at="2022-03-28T16:32:45Z">
          <params>
            <param index="0">
              <value>
                <![CDATA[chrome]]>
              </value>
            </param>
            <param index="1">
              <value>
                <![CDATA[windows]]>
              </value>
            </param>
          </params>
          <reporter-output>
          </reporter-output>
        </test-method> <!-- grid -->
      </class> <!-- grid_programmes.GridEg1 -->
    </test> <!-- On Chrome -->
    <test name="On Firefox" duration-ms="59660" started-at="2022-03-28T16:32:06Z" finished-at="2022-03-28T16:33:05Z">
      <class name="grid_programmes.GridEg1">
        <test-method status="PASS" signature="grid(java.lang.String, java.lang.String)[pri:0, instance:grid_programmes.GridEg1@23ceabc1]" name="grid" duration-ms="59555" started-at="2022-03-28T16:32:06Z" finished-at="2022-03-28T16:33:05Z">
          <params>
            <param index="0">
              <value>
                <![CDATA[Firefox]]>
              </value>
            </param>
            <param index="1">
              <value>
                <![CDATA[windows]]>
              </value>
            </param>
          </params>
          <reporter-output>
          </reporter-output>
        </test-method> <!-- grid -->
      </class> <!-- grid_programmes.GridEg1 -->
    </test> <!-- On Firefox -->
  </suite> <!-- OrgHRM_Grid -->
</testng-results>
